input=2
SP(140724934828248) formal: 2
SP(140724934828256) load_void_star:2
SP(140724934828272) convert_ul2ul: 0
SP(140724934828272) mult_ulul2ul: 0=0*8
SP(140724934828256) load_ul: 2
SP(140724934828256) BAnd_ulul2ul: 0=2 and 680373089
SP(140724934828264) mult_ulul2ul: 0=0*8
SP(140724934828264) constant_void_star: 0
SP(140724934828264) PlusPI_void_start_ul2void_star: 0 = 0 + 0
SP(140724934828256) local: 140724934828576
SP(0) store_ul: 0
SP(140724934828240) formal: 2
SP(140724934828248) load_void_star:2
SP(140724934828264) convert_ul2ul: 0
SP(140724934828264) mult_ulul2ul: 0=0*8
SP(140724934828248) load_ul: 2
SP(140724934828264) mult_ulul2ul: 8=1*8
SP(140724934828264) constant_void_star: 0
SP(140724934828264) PlusPI_void_start_ul2void_star: 8 = 8 + 0
SP(140724934828256) local: 0
SP(282530747185134998) store_ul: 282530747185134998
SP(140724934828240) formal: 2
SP(140724934828248) load_void_star:2
SP(140724934828264) convert_ul2ul: 0
SP(140724934828264) mult_ulul2ul: 0=0*8
SP(140724934828248) load_ul: 2
SP(140724934828264) mult_ulul2ul: 8=1*8
SP(140724934828264) constant_void_star: 0
SP(140724934828264) PlusPI_void_start_ul2void_star: 8 = 8 + 0
SP(140724934828256) local: 0
SP(140724934828256) load_ul: 282530747185134998
SP(140724934828272) mult_ulul2ul: 0=0*8
SP(140724934828272) constant_void_star: 139894996321472
SP(140724934828272) PlusPI_void_start_ul2void_star: 0 = 0 + 0
SP(140724934828264) local: 0
SP(140724934828264) load_ul: 0
SP(140724934828264) mult_ulul2ul: 16=2*8
SP(140724934828264) constant_void_star: 140724934828512
SP(140724934828264) PlusPI_void_start_ul2void_star: 16 = 16 + 0
SP(140724934828256) local: 0
SP(282530747185135000) store_ul: 282530747185135000
SP(140724934828264) mult_ulul2ul: 8=1*8
SP(140724934828264) constant_void_star: 140724934828512
SP(140724934828264) PlusPI_void_start_ul2void_star: 8 = 8 + 0
SP(140724934828256) local: 0
SP(140724934828256) load_ul: 282530747185134998
SP(140724934828256) formal: 2
SP(140724934828264) load_void_star:2
SP(140724934828280) convert_ul2ul: 0
SP(140724934828280) mult_ulul2ul: 0=0*8
SP(140724934828264) load_ul: 2
SP(140724934828264) mult_ulul2ul: 24=3*8
SP(140724934828264) constant_void_star: 0
SP(140724934828264) PlusPI_void_start_ul2void_star: 24 = 24 + 0
SP(140724934828256) local: 0
SP(282530748370281791) store_ul: 282530748370281791
SP(140724934828272) mult_ulul2ul: 24=3*8
SP(140724934828272) constant_void_star: 0
SP(140724934828272) PlusPI_void_start_ul2void_star: 24 = 24 + 0
SP(140724934828264) local: 0
SP(140724934828264) load_ul: 282530748370281791
SP(140724934828256) BAnd_ulul2ul: 15=47088458061713631 and 15
SP(140724934828264) mult_ulul2ul: 8=1*8
SP(140724934828264) constant_void_star: 140724934828512
SP(140724934828264) PlusPI_void_start_ul2void_star: 8 = 8 + 0
SP(140724934828256) local: 0
SP(140724934828256) load_ul: 282530747185134998
SP(140724934828264) mult_ulul2ul: 8=1*8
SP(140724934828264) constant_void_star: 140724934828512
SP(140724934828264) PlusPI_void_start_ul2void_star: 8 = 8 + 0
SP(140724934828256) local: 0
SP(282530747185135102) store_ul: 282530747185135102
SP(140724934828256) load_void_star:1804289383
SP(140724934828272) mult_ulul2ul: 8=1*8
SP(140724934828272) constant_void_star: 0
SP(140724934828272) PlusPI_void_start_ul2void_star: 8 = 8 + 0
SP(140724934828264) local: 0
SP(140724934828264) load_ul: 282530747185135102
SP(140724934828264) BAnd_ulul2ul: 14=282530747185135102 and 15
SP(140724934828264) mult_ulul2ul: 0=0*8
SP(140724934828264) constant_void_star: 140724934828512
SP(140724934828264) PlusPI_void_start_ul2void_star: 0 = 0 + 0
SP(140724934828256) local: 0
SP(140724934828256) load_ul: 0
SP(140724934828264) mult_ulul2ul: 0=0*8
SP(140724934828264) constant_void_star: 140724934828512
SP(140724934828264) PlusPI_void_start_ul2void_star: 0 = 0 + 0
SP(140724934828256) local: 0
SP(140724934828256) load_ul: 0
SP(140724934828288) mult_ulul2ul: 8=1*8
SP(140724934828288) constant_void_star: 140724934828576
SP(140724934828288) PlusPI_void_start_ul2void_star: 8 = 8 + 0
SP(140724934828280) local: 0
SP(140724934828280) load_ul: 282530747185135102
SP(140724934828280) BAnd_ulul2ul: 14=282530747185135102 and 15
SP(140724934828264) mult_ulul2ul: 24=3*8
SP(140724934828264) constant_void_star: 14
SP(140724934828264) PlusPI_void_start_ul2void_star: 24 = 24 + 0
SP(140724934828256) local: 0
SP(140724934828256) load_ul: 282530748370281791
SP(140724934828272) mult_ulul2ul: 16=2*8
SP(140724934828272) constant_void_star: 282530747185135102
SP(140724934828272) PlusPI_void_start_ul2void_star: 16 = 16 + 0
SP(140724934828264) local: 0
SP(140724934828264) load_ul: 282530747185135000
SP(140724934828248) load_void_star:1804289383
SP(140724934828256) load_void_star:1804289383
SP(140724934828256) mult_ulul2ul: 20=5*4
SP(140724934828256) constant_void_star: 282530747185135000
SP(140724934828256) PlusPI_void_start_ul2void_star: 20 = 20 + 0
SP(140724934828264) mult_ulul2ul: 44=11*4
SP(140724934828264) constant_void_star: 140724934828512
SP(140724934828264) PlusPI_void_start_ul2void_star: 44 = 44 + 0
SP(140724934828272) mult_ulul2ul: 4=1*4
SP(140724934828272) constant_void_star: 282530744096522240
SP(140724934828272) PlusPI_void_start_ul2void_star: 4 = 4 + 0
SP(140724934828248) load_void_star:1804289383
SP(140724934828256) load_void_star:1804289383
SP(140724934828264) mult_ulul2ul: 0=0*8
SP(140724934828264) constant_void_star: 6303936
SP(140724934828264) PlusPI_void_start_ul2void_star: 0 = 0 + 0
SP(140724934828256) local: 0
SP(140724934828256) load_ul: 0
SP(140724934828256) BAnd_ulul2ul: 0=0 and 63
SP(140724934828264) mult_ulul2ul: 16=2*8
SP(140724934828264) constant_void_star: 6303936
SP(140724934828264) PlusPI_void_start_ul2void_star: 16 = 16 + 0
SP(140724934828256) local: 0
SP(140724934828256) load_ul: 282530747185135000
SP(140724934828264) mult_ulul2ul: 16=2*8
SP(140724934828264) constant_void_star: 6303936
SP(140724934828264) PlusPI_void_start_ul2void_star: 16 = 16 + 0
SP(140724934828256) local: 0
SP(282530747185135000) store_ul: 282530747185135000
SP(140724934828256) mult_ulul2ul: 0=0*8
SP(140724934828256) constant_void_star: 140724934828512
SP(140724934828256) PlusPI_void_start_ul2void_star: 0 = 0 + 0
SP(140724934828248) local: 0
SP(140724934828248) load_ul: 0
SP(140724934828264) mult_ulul2ul: 16=2*8
SP(140724934828264) constant_void_star: 6303936
SP(140724934828264) PlusPI_void_start_ul2void_star: 16 = 16 + 0
SP(140724934828256) local: 0
SP(140724934828256) load_ul: 282530747185135000
SP(140724934828256) mult_ulul2ul: 0=282530747185135000*0
SP(140724934828264) mult_ulul2ul: 8=1*8
SP(140724934828264) constant_void_star: 6303936
SP(140724934828264) PlusPI_void_start_ul2void_star: 8 = 8 + 0
SP(140724934828256) local: 0
SP(0) store_ul: 0
SP(140724934828256) mult_ulul2ul: 8=1*8
SP(140724934828256) constant_void_star: 140724934828512
SP(140724934828256) PlusPI_void_start_ul2void_star: 8 = 8 + 0
SP(140724934828248) local: 0
SP(140724934828264) mult_ulul2ul: 0=0*4
SP(140724934828256) PlusPI_void_start_ul2void_star: 140724934828520 = 140724934828520 + 0
SP(140724934828248) local: 4201317
SP(140724934828256) mult_ulul2ul: 8=1*8
SP(140724934828256) constant_void_star: 0
SP(140724934828256) PlusPI_void_start_ul2void_star: 8 = 8 + 0
SP(140724934828248) local: 0
SP(140724934828264) mult_ulul2ul: 4=1*4
SP(140724934828256) PlusPI_void_start_ul2void_star: 140724934828524 = 140724934828520 + 4
SP(140724934828264) mult_ulul2ul: 8=1*8
SP(140724934828264) constant_void_star: 6303936
SP(140724934828264) PlusPI_void_start_ul2void_star: 8 = 8 + 0
SP(140724934828256) local: 0
SP(140724934828272) mult_ulul2ul: 0=0*4
SP(140724934828264) PlusPI_void_start_ul2void_star: 140724934828520 = 140724934828520 + 0
SP(140724934828240) local: 0
SP(140724934828264) mult_ulul2ul: 8=1*8
SP(140724934828264) constant_void_star: 0
SP(140724934828264) PlusPI_void_start_ul2void_star: 8 = 8 + 0
SP(140724934828256) local: 0
SP(140724934828272) mult_ulul2ul: 4=1*4
SP(140724934828264) PlusPI_void_start_ul2void_star: 140724934828524 = 140724934828520 + 4
SP(140724934828256) mult_ulul2ul: 8=1*8
SP(140724934828256) constant_void_star: 4
SP(140724934828256) PlusPI_void_start_ul2void_star: 8 = 8 + 0
SP(140724934828248) local: 0
SP(140724934828264) mult_ulul2ul: 4=1*4
SP(140724934828256) PlusPI_void_start_ul2void_star: 140724934828524 = 140724934828520 + 4
SP(140724934828248) local: 0
SP(140724934828256) mult_ulul2ul: 8=1*8
SP(140724934828256) constant_void_star: 1
SP(140724934828256) PlusPI_void_start_ul2void_star: 8 = 8 + 0
SP(140724934828248) local: 0
SP(140724934828264) mult_ulul2ul: 0=0*4
SP(140724934828256) PlusPI_void_start_ul2void_star: 140724934828520 = 140724934828520 + 0
SP(140724934828264) mult_ulul2ul: 8=1*8
SP(140724934828264) constant_void_star: 1
SP(140724934828264) PlusPI_void_start_ul2void_star: 8 = 8 + 0
SP(140724934828256) local: 0
SP(140724934828272) mult_ulul2ul: 4=1*4
SP(140724934828264) PlusPI_void_start_ul2void_star: 140724934828524 = 140724934828520 + 4
SP(140724934828240) local: 0
SP(140724934828264) mult_ulul2ul: 8=1*8
SP(140724934828264) constant_void_star: 1
SP(140724934828264) PlusPI_void_start_ul2void_star: 8 = 8 + 0
SP(140724934828256) local: 0
SP(140724934828272) mult_ulul2ul: 0=0*4
SP(140724934828264) PlusPI_void_start_ul2void_star: 140724934828520 = 140724934828520 + 0
SP(140724934828248) local: 0
SP(0) store_ul: 0
SP(140724934828256) mult_ulul2ul: 20=5*4
SP(140724934828256) constant_void_star: 0
SP(140724934828256) PlusPI_void_start_ul2void_star: 20 = 20 + 0
SP(140724934828264) mult_ulul2ul: 44=11*4
SP(140724934828264) constant_void_star: 0
SP(140724934828264) PlusPI_void_start_ul2void_star: 44 = 44 + 0
SP(140724934828272) mult_ulul2ul: 4=1*4
SP(140724934828272) constant_void_star: 282530744096522240
SP(140724934828272) PlusPI_void_start_ul2void_star: 4 = 4 + 0
SP(140724934828248) local: 0
SP(140724934828256) load_ul: 0
SP(140724934828248) local: 0
SP(140724934828256) load_ul: 0
SP(140724934828256) mult_ulul2ul: 16=2*8
SP(140724934828256) constant_void_star: 2
SP(140724934828256) PlusPI_void_start_ul2void_star: 16 = 16 + 0
SP(140724934828248) local: 0
SP(140724934828248) load_ul: 282530747185135000
SP(140724934828256) local: 0
SP(140724934828264) load_ul: 0
SP(140724934828264) mult_ulul2ul: 0=0*8
SP(140724934828264) constant_void_star: 6303936
SP(140724934828264) PlusPI_void_start_ul2void_star: 0 = 0 + 0
SP(140724934828256) local: 0
SP(140724934828256) load_ul: 0
SP(140724934828256) local: 0
SP(140724934828264) load_ul: 0
SP(140724934828264) mult_ulul2ul: 0=0*8
SP(140724934828264) constant_void_star: 6303936
SP(140724934828264) PlusPI_void_start_ul2void_star: 0 = 0 + 0
SP(140724934828256) local: 0
SP(282530747185135000) store_ul: 282530747185135000
SP(140724934828240) local: 0
SP(140724934828248) load_ul: 0
SP(140724934828248) local: 0
SP(2) store_ul: 2
SP(140724934828256) mult_ulul2ul: 20=5*4
SP(140724934828256) constant_void_star: 140724934828512
SP(140724934828256) PlusPI_void_start_ul2void_star: 20 = 20 + 0
SP(140724934828264) mult_ulul2ul: 44=11*4
SP(140724934828264) constant_void_star: 6303936
SP(140724934828264) PlusPI_void_start_ul2void_star: 44 = 44 + 0
SP(140724934828272) mult_ulul2ul: 4=1*4
SP(140724934828272) constant_void_star: 282530744096522240
SP(140724934828272) PlusPI_void_start_ul2void_star: 4 = 4 + 0
SP(140724934828248) local: 2
SP(140724934828256) load_ul: 2
SP(140724934828256) load_void_star:1804289383
SP(140724934828256) mult_ulul2ul: 24=3*8
SP(140724934828256) constant_void_star: 565
SP(140724934828256) PlusPI_void_start_ul2void_star: 24 = 24 + 0
SP(140724934828248) local: 282530747185135000
SP(140724934828248) load_ul: 282530748370281791
SP(140724934828264) mult_ulul2ul: 0=0*8
SP(140724934828264) constant_void_star: 6303936
SP(140724934828264) PlusPI_void_start_ul2void_star: 0 = 0 + 0
SP(140724934828256) local: 282530747185135000
SP(140724934828256) load_ul: 282530747185135000
SP(140724934828248) formal: 4201136
SP(140724934828256) load_void_star:4201136
SP(140724934828272) convert_ul2ul: 0
SP(140724934828272) mult_ulul2ul: 0=0*8
SP(18446744072578826142) store_ul: 18446744072578826142
SP(140724934828256) mult_ulul2ul: 8=1*8
SP(140724934828256) constant_void_star: 0
SP(140724934828256) PlusPI_void_start_ul2void_star: 8 = 8 + 0
SP(140724934828248) local: 282530747185135000
SP(140724934828248) load_ul: 0
SP(140724934828272) mult_ulul2ul: 16=2*8
SP(140724934828272) constant_void_star: 282530744096522240
SP(140724934828272) PlusPI_void_start_ul2void_star: 16 = 16 + 0
SP(140724934828264) local: 282530747185135000
SP(140724934828264) load_ul: 282530747185135000
SP(140724934828248) formal: 18446744072578826142
SP(140724934828256) load_void_star:18446744072578826142
SP(140724934828272) convert_ul2ul: 1
SP(140724934828272) mult_ulul2ul: 8=1*8
SP(282530747024680955) store_ul: 282530747024680955
SP(140724934828256) load_void_star:1804289383
SP(140724934828256) load_void_star:1804289383
18446744072578826142
282530747024680955
